<?xml version="1.0" encoding="UTF-8"?>
<!-- Generated by org.testng.reporters.JUnitReportReporter -->
<testsuite ignored="0" hostname="MXMBYOD9066.local" failures="0" tests="1" name="logueoTesting.TC01_Logueo" time="3.270" errors="0" timestamp="28 ene. 2025 18:34:02 GMT" skipped="0">
  <testcase classname="logueoTesting.TC01_Logueo" name="TC01_Credenciales_Validas" time="3.270"/>
</testsuite> <!-- logueoTesting.TC01_Logueo -->
