<?xml version="1.0" encoding="UTF-8"?>
<!-- Generated by org.testng.reporters.JUnitReportReporter -->
<testsuite ignored="0" hostname="MXMBYOD9066.local" failures="0" tests="1" name="logueoTesting.TC01_Logueo" time="5.794" errors="0" timestamp="29 ene. 2025 20:34:51 GMT" skipped="0">
  <testcase classname="logueoTesting.TC01_Logueo" name="TC01_Credenciales_Validas" time="5.794"/>
</testsuite> <!-- logueoTesting.TC01_Logueo -->
