<?xml version="1.0" encoding="UTF-8"?>
<!-- Generated by org.testng.reporters.JUnitReportReporter -->
<testsuite ignored="0" hostname="MXMBYOD9066.local" failures="0" tests="1" name="logueoTesting.TestCase_Logueo" time="1.192" errors="0" timestamp="28 ene. 2025 16:42:58 GMT" skipped="0">
  <testcase classname="logueoTesting.TestCase_Logueo" name="TC01_Credenciales_Validas" time="1.192"/>
</testsuite> <!-- logueoTesting.TestCase_Logueo -->
