<?xml version="1.0" encoding="UTF-8"?>
<!-- Generated by org.testng.reporters.JUnitReportReporter -->
<testsuite ignored="0" hostname="MXMBYOD9066.local" failures="0" tests="1" name="logueoTesting.TC02_Logueo_Mal_Password" time="3.901" errors="0" timestamp="28 ene. 2025 18:59:00 GMT" skipped="0">
  <testcase classname="logueoTesting.TC02_Logueo_Mal_Password" name="TC02_Invalid_Password" time="3.901"/>
</testsuite> <!-- logueoTesting.TC02_Logueo_Mal_Password -->
