<?xml version="1.0" encoding="UTF-8"?>
<!-- Generated by org.testng.reporters.JUnitReportReporter -->
<testsuite ignored="0" hostname="MXMBYOD9066.local" failures="0" tests="1" name="logueoTesting.TC02_Logueo_Mal_Password" time="3.955" errors="0" timestamp="29 ene. 2025 20:33:19 GMT" skipped="0">
  <testcase classname="logueoTesting.TC02_Logueo_Mal_Password" name="TC02_Invalid_Password" time="3.955"/>
</testsuite> <!-- logueoTesting.TC02_Logueo_Mal_Password -->
